Connecting to database specified by database.yml
  [1m[36m (0.1ms)[0m  [1mSELECT "schema_migrations"."version" FROM "schema_migrations" [0m
Migrating to CreateMovies (20111119180638)
  [1m[35m (0.1ms)[0m  select sqlite_version(*)
  [1m[36m (0.1ms)[0m  [1mSELECT "schema_migrations"."version" FROM "schema_migrations" [0m
Connecting to database specified by database.yml
  [1m[36m (0.1ms)[0m  [1mSELECT "schema_migrations"."version" FROM "schema_migrations" [0m
  [1m[35m (0.3ms)[0m  select sqlite_version(*)
  [1m[36m (207.3ms)[0m  [1mCREATE TABLE "movies" ("id" INTEGER PRIMARY KEY AUTOINCREMENT NOT NULL, "title" varchar(255), "rating" varchar(255), "description" text, "release_date" datetime, "created_at" datetime, "updated_at" datetime) [0m
  [1m[35m (111.2ms)[0m  CREATE TABLE "schema_migrations" ("version" varchar(255) NOT NULL) 
  [1m[36m (111.6ms)[0m  [1mCREATE UNIQUE INDEX "unique_schema_migrations" ON "schema_migrations" ("version")[0m
  [1m[35m (0.1ms)[0m  SELECT version FROM "schema_migrations"
  [1m[36m (111.3ms)[0m  [1mINSERT INTO "schema_migrations" (version) VALUES ('20120130161449')[0m
  [1m[35m (111.3ms)[0m  INSERT INTO "schema_migrations" (version) VALUES ('20111119180638')


Started GET "/movies" for 127.0.0.1 at 2013-12-03 20:58:06 -0600
Connecting to database specified by database.yml
Processing by MoviesController#index as HTML
  [1m[36mMovie Load (0.4ms)[0m  [1mSELECT "movies".* FROM "movies" WHERE "movies"."rating" IN ('G', 'PG', 'PG-13', 'NC-17', 'R')[0m
  Rendered movies/index.html.haml within layouts/application (15.1ms)
Compiled application.css  (0ms)  (pid 735)
Compiled jquery.js  (5ms)  (pid 735)
Compiled jquery_ujs.js  (0ms)  (pid 735)
Compiled application.js  (98ms)  (pid 735)
Completed 200 OK in 151ms (Views: 139.6ms | ActiveRecord: 0.4ms)


Started GET "/assets/application.css?body=1" for 127.0.0.1 at 2013-12-03 20:58:06 -0600
Served asset /application.css - 200 OK (2ms)


Started GET "/assets/jquery.js?body=1" for 127.0.0.1 at 2013-12-03 20:58:06 -0600
Served asset /jquery.js - 200 OK (3ms)


Started GET "/assets/application.js?body=1" for 127.0.0.1 at 2013-12-03 20:58:06 -0600
Served asset /application.js - 200 OK (8ms)


Started GET "/assets/jquery_ujs.js?body=1" for 127.0.0.1 at 2013-12-03 20:58:06 -0600
Served asset /jquery_ujs.js - 200 OK (7ms)
Connecting to database specified by database.yml
Connecting to database specified by database.yml
Connecting to database specified by database.yml
Connecting to database specified by database.yml
Connecting to database specified by database.yml
Connecting to database specified by database.yml


Started GET "/movies" for 127.0.0.1 at 2013-12-03 21:19:50 -0600
Processing by MoviesController#index as HTML
  [1m[35mMovie Load (0.4ms)[0m  SELECT "movies".* FROM "movies" WHERE "movies"."rating" IN ('G', 'PG', 'PG-13', 'NC-17', 'R')
  Rendered movies/index.html.haml within layouts/application (14.8ms)
Completed 200 OK in 24ms (Views: 20.8ms | ActiveRecord: 0.4ms)


Started GET "/assets/application.css?body=1" for 127.0.0.1 at 2013-12-03 21:19:50 -0600
Served asset /application.css - 304 Not Modified (0ms)


Started GET "/assets/jquery.js?body=1" for 127.0.0.1 at 2013-12-03 21:19:50 -0600
Served asset /jquery.js - 304 Not Modified (0ms)


Started GET "/assets/jquery_ujs.js?body=1" for 127.0.0.1 at 2013-12-03 21:19:50 -0600
Served asset /jquery_ujs.js - 304 Not Modified (0ms)


Started GET "/assets/application.js?body=1" for 127.0.0.1 at 2013-12-03 21:19:50 -0600
Served asset /application.js - 304 Not Modified (1ms)


Started GET "/movies/1" for 127.0.0.1 at 2013-12-03 21:29:03 -0600
Processing by MoviesController#show as HTML
  Parameters: {"id"=>"1"}
  [1m[36mMovie Load (0.3ms)[0m  [1mSELECT "movies".* FROM "movies" WHERE "movies"."id" = ? LIMIT 1[0m  [["id", "1"]]
  Rendered movies/show.html.haml within layouts/application (4.4ms)
Completed 200 OK in 11ms (Views: 8.6ms | ActiveRecord: 0.3ms)


Started GET "/assets/application.css?body=1" for 127.0.0.1 at 2013-12-03 21:29:03 -0600
Served asset /application.css - 304 Not Modified (0ms)


Started GET "/assets/jquery.js?body=1" for 127.0.0.1 at 2013-12-03 21:29:03 -0600
Served asset /jquery.js - 304 Not Modified (0ms)


Started GET "/assets/application.js?body=1" for 127.0.0.1 at 2013-12-03 21:29:03 -0600
Served asset /application.js - 304 Not Modified (1ms)


Started GET "/assets/jquery_ujs.js?body=1" for 127.0.0.1 at 2013-12-03 21:29:03 -0600
Served asset /jquery_ujs.js - 304 Not Modified (0ms)


Started GET "/movies" for 127.0.0.1 at 2013-12-03 22:03:06 -0600
Processing by MoviesController#index as HTML
  [1m[35mMovie Load (0.4ms)[0m  SELECT "movies".* FROM "movies" WHERE "movies"."rating" IN ('G', 'PG', 'PG-13', 'NC-17', 'R')
  Rendered movies/index.html.haml within layouts/application (8.6ms)
Completed 200 OK in 15ms (Views: 12.9ms | ActiveRecord: 0.4ms)


Started GET "/assets/jquery.js?body=1" for 127.0.0.1 at 2013-12-03 22:03:06 -0600
Served asset /jquery.js - 304 Not Modified (11ms)


Started GET "/assets/application.css?body=1" for 127.0.0.1 at 2013-12-03 22:03:06 -0600
Served asset /application.css - 304 Not Modified (0ms)


Started GET "/assets/jquery_ujs.js?body=1" for 127.0.0.1 at 2013-12-03 22:03:06 -0600
Served asset /jquery_ujs.js - 304 Not Modified (0ms)


Started GET "/assets/application.js?body=1" for 127.0.0.1 at 2013-12-03 22:03:06 -0600
Served asset /application.js - 304 Not Modified (1ms)


Started GET "/movies?utf8=%E2%9C%93&ratings%5BPG-13%5D=1&ratings%5BR%5D=1&commit=Refresh" for 127.0.0.1 at 2013-12-03 22:03:16 -0600
Processing by MoviesController#index as HTML
  Parameters: {"utf8"=>"✓", "ratings"=>{"PG-13"=>"1", "R"=>"1"}, "commit"=>"Refresh"}
Redirected to http://localhost:3000/movies?ratings%5BPG-13%5D=1&ratings%5BR%5D=1
Completed 302 Found in 2ms (ActiveRecord: 0.0ms)


Started GET "/movies?ratings%5BPG-13%5D=1&ratings%5BR%5D=1" for 127.0.0.1 at 2013-12-03 22:03:16 -0600
Processing by MoviesController#index as HTML
  Parameters: {"ratings"=>{"PG-13"=>"1", "R"=>"1"}}
  [1m[36mMovie Load (0.3ms)[0m  [1mSELECT "movies".* FROM "movies" WHERE "movies"."rating" IN ('PG-13', 'R')[0m
  Rendered movies/index.html.haml within layouts/application (5.6ms)
Completed 200 OK in 12ms (Views: 10.0ms | ActiveRecord: 0.3ms)


Started GET "/assets/jquery.js?body=1" for 127.0.0.1 at 2013-12-03 22:03:16 -0600
Served asset /jquery.js - 304 Not Modified (3ms)


Started GET "/assets/application.css?body=1" for 127.0.0.1 at 2013-12-03 22:03:16 -0600
Served asset /application.css - 304 Not Modified (0ms)


Started GET "/assets/jquery_ujs.js?body=1" for 127.0.0.1 at 2013-12-03 22:03:16 -0600
Served asset /jquery_ujs.js - 304 Not Modified (0ms)


Started GET "/assets/application.js?body=1" for 127.0.0.1 at 2013-12-03 22:03:16 -0600
Served asset /application.js - 304 Not Modified (7ms)


Started GET "/movies?utf8=%E2%9C%93&ratings%5BPG-13%5D=1&ratings%5BR%5D=1&commit=Refresh" for 127.0.0.1 at 2013-12-03 22:05:17 -0600
Processing by MoviesController#index as HTML
  Parameters: {"utf8"=>"✓", "ratings"=>{"PG-13"=>"1", "R"=>"1"}, "commit"=>"Refresh"}
  [1m[35mMovie Load (0.3ms)[0m  SELECT "movies".* FROM "movies" WHERE "movies"."rating" IN ('PG-13', 'R')
  Rendered movies/index.html.haml within layouts/application (6.6ms)
Completed 200 OK in 13ms (Views: 10.9ms | ActiveRecord: 0.3ms)


Started GET "/assets/application.css?body=1" for 127.0.0.1 at 2013-12-03 22:05:17 -0600
Served asset /application.css - 304 Not Modified (0ms)


Started GET "/assets/application.js?body=1" for 127.0.0.1 at 2013-12-03 22:05:17 -0600
Served asset /application.js - 304 Not Modified (1ms)


Started GET "/assets/jquery.js?body=1" for 127.0.0.1 at 2013-12-03 22:05:17 -0600
Served asset /jquery.js - 304 Not Modified (0ms)


Started GET "/assets/jquery_ujs.js?body=1" for 127.0.0.1 at 2013-12-03 22:05:17 -0600
Served asset /jquery_ujs.js - 304 Not Modified (0ms)


Started GET "/movies?utf8=%E2%9C%93&ratings%5BPG-13%5D=1&ratings%5BR%5D=1&commit=Refresh" for 127.0.0.1 at 2013-12-03 22:05:18 -0600
Processing by MoviesController#index as HTML
  Parameters: {"utf8"=>"✓", "ratings"=>{"PG-13"=>"1", "R"=>"1"}, "commit"=>"Refresh"}
  [1m[36mMovie Load (0.4ms)[0m  [1mSELECT "movies".* FROM "movies" WHERE "movies"."rating" IN ('PG-13', 'R')[0m
  Rendered movies/index.html.haml within layouts/application (10.9ms)
Completed 200 OK in 64ms (Views: 62.4ms | ActiveRecord: 0.4ms)


Started GET "/assets/application.css?body=1" for 127.0.0.1 at 2013-12-03 22:05:18 -0600
Served asset /application.css - 304 Not Modified (0ms)


Started GET "/assets/jquery_ujs.js?body=1" for 127.0.0.1 at 2013-12-03 22:05:18 -0600
Served asset /jquery_ujs.js - 304 Not Modified (3ms)


Started GET "/assets/application.js?body=1" for 127.0.0.1 at 2013-12-03 22:05:18 -0600
Served asset /application.js - 304 Not Modified (1ms)


Started GET "/assets/jquery.js?body=1" for 127.0.0.1 at 2013-12-03 22:05:18 -0600
Served asset /jquery.js - 304 Not Modified (0ms)


Started GET "/movies?utf8=%E2%9C%93&ratings%5BG%5D=1&ratings%5BPG%5D=1&ratings%5BPG-13%5D=1&ratings%5BNC-17%5D=1&ratings%5BR%5D=1&commit=Refresh" for 127.0.0.1 at 2013-12-03 22:35:24 -0600
Processing by MoviesController#index as HTML
  Parameters: {"utf8"=>"✓", "ratings"=>{"G"=>"1", "PG"=>"1", "PG-13"=>"1", "NC-17"=>"1", "R"=>"1"}, "commit"=>"Refresh"}
Redirected to http://localhost:3000/movies?ratings%5BG%5D=1&ratings%5BNC-17%5D=1&ratings%5BPG%5D=1&ratings%5BPG-13%5D=1&ratings%5BR%5D=1
Completed 302 Found in 2ms (ActiveRecord: 0.0ms)


Started GET "/movies?ratings%5BG%5D=1&ratings%5BNC-17%5D=1&ratings%5BPG%5D=1&ratings%5BPG-13%5D=1&ratings%5BR%5D=1" for 127.0.0.1 at 2013-12-03 22:35:24 -0600
Processing by MoviesController#index as HTML
  Parameters: {"ratings"=>{"G"=>"1", "NC-17"=>"1", "PG"=>"1", "PG-13"=>"1", "R"=>"1"}}
  [1m[35mMovie Load (0.4ms)[0m  SELECT "movies".* FROM "movies" WHERE "movies"."rating" IN ('G', 'NC-17', 'PG', 'PG-13', 'R')
  Rendered movies/index.html.haml within layouts/application (8.5ms)
Completed 200 OK in 15ms (Views: 12.7ms | ActiveRecord: 0.4ms)


Started GET "/assets/application.css?body=1" for 127.0.0.1 at 2013-12-03 22:35:24 -0600
Served asset /application.css - 304 Not Modified (0ms)


Started GET "/assets/jquery.js?body=1" for 127.0.0.1 at 2013-12-03 22:35:24 -0600
Served asset /jquery.js - 304 Not Modified (0ms)


Started GET "/assets/application.js?body=1" for 127.0.0.1 at 2013-12-03 22:35:24 -0600
Served asset /application.js - 304 Not Modified (1ms)


Started GET "/assets/jquery_ujs.js?body=1" for 127.0.0.1 at 2013-12-03 22:35:24 -0600
Served asset /jquery_ujs.js - 304 Not Modified (0ms)


Started GET "/movies?ratings%5BG%5D=1&ratings%5BNC-17%5D=1&ratings%5BPG%5D=1&ratings%5BPG-13%5D=1&ratings%5BR%5D=1" for 127.0.0.1 at 2013-12-04 08:17:55 -0600
Connecting to database specified by database.yml
Processing by MoviesController#index as HTML
  Parameters: {"ratings"=>{"G"=>"1", "NC-17"=>"1", "PG"=>"1", "PG-13"=>"1", "R"=>"1"}}
  [1m[36mMovie Load (0.5ms)[0m  [1mSELECT "movies".* FROM "movies" WHERE "movies"."rating" IN ('G', 'NC-17', 'PG', 'PG-13', 'R')[0m
  Rendered movies/index.html.haml within layouts/application (16.1ms)
Completed 200 OK in 182ms (Views: 169.6ms | ActiveRecord: 0.5ms)


Started GET "/assets/application.css?body=1" for 127.0.0.1 at 2013-12-04 08:17:55 -0600
Served asset /application.css - 304 Not Modified (5ms)


Started GET "/assets/jquery.js?body=1" for 127.0.0.1 at 2013-12-04 08:17:55 -0600
Served asset /jquery.js - 304 Not Modified (3ms)


Started GET "/assets/application.js?body=1" for 127.0.0.1 at 2013-12-04 08:17:55 -0600
Served asset /application.js - 304 Not Modified (8ms)


Started GET "/assets/jquery_ujs.js?body=1" for 127.0.0.1 at 2013-12-04 08:17:55 -0600
Served asset /jquery_ujs.js - 304 Not Modified (2ms)


Started GET "/movies?ratings%5BG%5D=1&ratings%5BNC-17%5D=1&ratings%5BPG%5D=1&ratings%5BPG-13%5D=1&ratings%5BR%5D=1&sort=title" for 127.0.0.1 at 2013-12-04 08:41:45 -0600
Processing by MoviesController#index as HTML
  Parameters: {"ratings"=>{"G"=>"1", "NC-17"=>"1", "PG"=>"1", "PG-13"=>"1", "R"=>"1"}, "sort"=>"title"}
Redirected to http://localhost:3000/movies?ratings%5BG%5D=1&ratings%5BNC-17%5D=1&ratings%5BPG%5D=1&ratings%5BPG-13%5D=1&ratings%5BR%5D=1&sort=title
Completed 302 Found in 1ms (ActiveRecord: 0.0ms)


Started GET "/movies?ratings%5BG%5D=1&ratings%5BNC-17%5D=1&ratings%5BPG%5D=1&ratings%5BPG-13%5D=1&ratings%5BR%5D=1&sort=title" for 127.0.0.1 at 2013-12-04 08:41:45 -0600
Processing by MoviesController#index as HTML
  Parameters: {"ratings"=>{"G"=>"1", "NC-17"=>"1", "PG"=>"1", "PG-13"=>"1", "R"=>"1"}, "sort"=>"title"}
  [1m[35mMovie Load (0.5ms)[0m  SELECT "movies".* FROM "movies" WHERE "movies"."rating" IN ('G', 'NC-17', 'PG', 'PG-13', 'R') ORDER BY title
  Rendered movies/index.html.haml within layouts/application (8.6ms)
Completed 200 OK in 16ms (Views: 13.8ms | ActiveRecord: 0.5ms)


Started GET "/assets/application.css?body=1" for 127.0.0.1 at 2013-12-04 08:41:45 -0600
Served asset /application.css - 304 Not Modified (0ms)


Started GET "/assets/jquery.js?body=1" for 127.0.0.1 at 2013-12-04 08:41:45 -0600
Served asset /jquery.js - 304 Not Modified (3ms)


Started GET "/assets/application.js?body=1" for 127.0.0.1 at 2013-12-04 08:41:45 -0600
Served asset /application.js - 304 Not Modified (1ms)


Started GET "/assets/jquery_ujs.js?body=1" for 127.0.0.1 at 2013-12-04 08:41:45 -0600
Served asset /jquery_ujs.js - 304 Not Modified (0ms)


Started GET "/movies?ratings%5BG%5D=1&ratings%5BNC-17%5D=1&ratings%5BPG%5D=1&ratings%5BPG-13%5D=1&ratings%5BR%5D=1&sort=title" for 127.0.0.1 at 2013-12-04 08:41:46 -0600
Processing by MoviesController#index as HTML
  Parameters: {"ratings"=>{"G"=>"1", "NC-17"=>"1", "PG"=>"1", "PG-13"=>"1", "R"=>"1"}, "sort"=>"title"}
  [1m[36mMovie Load (0.5ms)[0m  [1mSELECT "movies".* FROM "movies" WHERE "movies"."rating" IN ('G', 'NC-17', 'PG', 'PG-13', 'R') ORDER BY title[0m
  Rendered movies/index.html.haml within layouts/application (9.2ms)
Completed 200 OK in 18ms (Views: 14.7ms | ActiveRecord: 0.5ms)


Started GET "/assets/jquery.js?body=1" for 127.0.0.1 at 2013-12-04 08:41:46 -0600
Served asset /jquery.js - 304 Not Modified (4ms)


Started GET "/assets/jquery_ujs.js?body=1" for 127.0.0.1 at 2013-12-04 08:41:46 -0600
Served asset /jquery_ujs.js - 304 Not Modified (0ms)


Started GET "/assets/application.css?body=1" for 127.0.0.1 at 2013-12-04 08:41:47 -0600
Served asset /application.css - 304 Not Modified (0ms)


Started GET "/assets/application.js?body=1" for 127.0.0.1 at 2013-12-04 08:41:47 -0600
Served asset /application.js - 304 Not Modified (1ms)


Started GET "/movies?ratings%5BG%5D=1&ratings%5BNC-17%5D=1&ratings%5BPG%5D=1&ratings%5BPG-13%5D=1&ratings%5BR%5D=1&sort=title" for 127.0.0.1 at 2013-12-04 08:41:48 -0600
Processing by MoviesController#index as HTML
  Parameters: {"ratings"=>{"G"=>"1", "NC-17"=>"1", "PG"=>"1", "PG-13"=>"1", "R"=>"1"}, "sort"=>"title"}
  [1m[35mMovie Load (0.5ms)[0m  SELECT "movies".* FROM "movies" WHERE "movies"."rating" IN ('G', 'NC-17', 'PG', 'PG-13', 'R') ORDER BY title
  Rendered movies/index.html.haml within layouts/application (8.7ms)
Completed 200 OK in 18ms (Views: 14.5ms | ActiveRecord: 0.5ms)


Started GET "/assets/application.css?body=1" for 127.0.0.1 at 2013-12-04 08:41:48 -0600
Served asset /application.css - 304 Not Modified (0ms)


Started GET "/assets/jquery_ujs.js?body=1" for 127.0.0.1 at 2013-12-04 08:41:48 -0600
Served asset /jquery_ujs.js - 304 Not Modified (0ms)


Started GET "/assets/application.js?body=1" for 127.0.0.1 at 2013-12-04 08:41:48 -0600
Served asset /application.js - 304 Not Modified (1ms)


Started GET "/assets/jquery.js?body=1" for 127.0.0.1 at 2013-12-04 08:41:48 -0600
Served asset /jquery.js - 304 Not Modified (0ms)


Started GET "/movies?ratings%5BG%5D=1&ratings%5BNC-17%5D=1&ratings%5BPG%5D=1&ratings%5BPG-13%5D=1&ratings%5BR%5D=1&sort=title" for 127.0.0.1 at 2013-12-04 08:41:49 -0600
Processing by MoviesController#index as HTML
  Parameters: {"ratings"=>{"G"=>"1", "NC-17"=>"1", "PG"=>"1", "PG-13"=>"1", "R"=>"1"}, "sort"=>"title"}
  [1m[36mMovie Load (0.5ms)[0m  [1mSELECT "movies".* FROM "movies" WHERE "movies"."rating" IN ('G', 'NC-17', 'PG', 'PG-13', 'R') ORDER BY title[0m
  Rendered movies/index.html.haml within layouts/application (8.9ms)
Completed 200 OK in 59ms (Views: 55.6ms | ActiveRecord: 0.5ms)


Started GET "/assets/application.css?body=1" for 127.0.0.1 at 2013-12-04 08:41:49 -0600
Served asset /application.css - 304 Not Modified (0ms)


Started GET "/assets/jquery.js?body=1" for 127.0.0.1 at 2013-12-04 08:41:49 -0600
Served asset /jquery.js - 304 Not Modified (1ms)


Started GET "/assets/application.js?body=1" for 127.0.0.1 at 2013-12-04 08:41:49 -0600
Served asset /application.js - 304 Not Modified (1ms)


Started GET "/assets/jquery_ujs.js?body=1" for 127.0.0.1 at 2013-12-04 08:41:49 -0600
Served asset /jquery_ujs.js - 304 Not Modified (0ms)


Started GET "/movies?ratings%5BG%5D=1&ratings%5BNC-17%5D=1&ratings%5BPG%5D=1&ratings%5BPG-13%5D=1&ratings%5BR%5D=1&sort=title" for 127.0.0.1 at 2013-12-04 08:41:49 -0600
Processing by MoviesController#index as HTML
  Parameters: {"ratings"=>{"G"=>"1", "NC-17"=>"1", "PG"=>"1", "PG-13"=>"1", "R"=>"1"}, "sort"=>"title"}
  [1m[35mMovie Load (0.5ms)[0m  SELECT "movies".* FROM "movies" WHERE "movies"."rating" IN ('G', 'NC-17', 'PG', 'PG-13', 'R') ORDER BY title
  Rendered movies/index.html.haml within layouts/application (8.5ms)
Completed 200 OK in 17ms (Views: 13.9ms | ActiveRecord: 0.5ms)


Started GET "/assets/jquery.js?body=1" for 127.0.0.1 at 2013-12-04 08:41:49 -0600
Served asset /jquery.js - 304 Not Modified (5ms)


Started GET "/assets/jquery_ujs.js?body=1" for 127.0.0.1 at 2013-12-04 08:41:49 -0600
Served asset /jquery_ujs.js - 304 Not Modified (0ms)


Started GET "/assets/application.css?body=1" for 127.0.0.1 at 2013-12-04 08:41:49 -0600
Served asset /application.css - 304 Not Modified (0ms)


Started GET "/assets/application.js?body=1" for 127.0.0.1 at 2013-12-04 08:41:49 -0600
Served asset /application.js - 304 Not Modified (1ms)


Started GET "/movies?ratings%5BG%5D=1&ratings%5BNC-17%5D=1&ratings%5BPG%5D=1&ratings%5BPG-13%5D=1&ratings%5BR%5D=1&sort=title" for 127.0.0.1 at 2013-12-04 08:41:50 -0600
Processing by MoviesController#index as HTML
  Parameters: {"ratings"=>{"G"=>"1", "NC-17"=>"1", "PG"=>"1", "PG-13"=>"1", "R"=>"1"}, "sort"=>"title"}
  [1m[36mMovie Load (0.5ms)[0m  [1mSELECT "movies".* FROM "movies" WHERE "movies"."rating" IN ('G', 'NC-17', 'PG', 'PG-13', 'R') ORDER BY title[0m
  Rendered movies/index.html.haml within layouts/application (9.5ms)
Completed 200 OK in 18ms (Views: 15.2ms | ActiveRecord: 0.5ms)


Started GET "/assets/application.css?body=1" for 127.0.0.1 at 2013-12-04 08:41:50 -0600
Served asset /application.css - 304 Not Modified (0ms)


Started GET "/assets/jquery_ujs.js?body=1" for 127.0.0.1 at 2013-12-04 08:41:50 -0600
Served asset /jquery_ujs.js - 304 Not Modified (2ms)


Started GET "/assets/jquery.js?body=1" for 127.0.0.1 at 2013-12-04 08:41:50 -0600
Served asset /jquery.js - 304 Not Modified (0ms)


Started GET "/assets/application.js?body=1" for 127.0.0.1 at 2013-12-04 08:41:50 -0600
Served asset /application.js - 304 Not Modified (1ms)


Started GET "/movies?ratings%5BG%5D=1&ratings%5BNC-17%5D=1&ratings%5BPG%5D=1&ratings%5BPG-13%5D=1&ratings%5BR%5D=1&sort=release_date" for 127.0.0.1 at 2013-12-04 08:41:55 -0600
Processing by MoviesController#index as HTML
  Parameters: {"ratings"=>{"G"=>"1", "NC-17"=>"1", "PG"=>"1", "PG-13"=>"1", "R"=>"1"}, "sort"=>"release_date"}
Redirected to http://localhost:3000/movies?ratings%5BG%5D=1&ratings%5BNC-17%5D=1&ratings%5BPG%5D=1&ratings%5BPG-13%5D=1&ratings%5BR%5D=1&sort=release_date
Completed 302 Found in 1ms (ActiveRecord: 0.0ms)


Started GET "/movies?ratings%5BG%5D=1&ratings%5BNC-17%5D=1&ratings%5BPG%5D=1&ratings%5BPG-13%5D=1&ratings%5BR%5D=1&sort=release_date" for 127.0.0.1 at 2013-12-04 08:41:55 -0600
Processing by MoviesController#index as HTML
  Parameters: {"ratings"=>{"G"=>"1", "NC-17"=>"1", "PG"=>"1", "PG-13"=>"1", "R"=>"1"}, "sort"=>"release_date"}
  [1m[35mMovie Load (0.4ms)[0m  SELECT "movies".* FROM "movies" WHERE "movies"."rating" IN ('G', 'NC-17', 'PG', 'PG-13', 'R') ORDER BY release_date
  Rendered movies/index.html.haml within layouts/application (8.7ms)
Completed 200 OK in 16ms (Views: 14.0ms | ActiveRecord: 0.4ms)


Started GET "/assets/application.css?body=1" for 127.0.0.1 at 2013-12-04 08:41:55 -0600
Served asset /application.css - 304 Not Modified (0ms)


Started GET "/assets/jquery.js?body=1" for 127.0.0.1 at 2013-12-04 08:41:55 -0600
Served asset /jquery.js - 304 Not Modified (1ms)


Started GET "/assets/application.js?body=1" for 127.0.0.1 at 2013-12-04 08:41:55 -0600
Served asset /application.js - 304 Not Modified (1ms)


Started GET "/assets/jquery_ujs.js?body=1" for 127.0.0.1 at 2013-12-04 08:41:55 -0600
Served asset /jquery_ujs.js - 304 Not Modified (0ms)


Started GET "/movies?ratings%5BG%5D=1&ratings%5BNC-17%5D=1&ratings%5BPG%5D=1&ratings%5BPG-13%5D=1&ratings%5BR%5D=1&sort=title" for 127.0.0.1 at 2013-12-04 08:41:57 -0600
Processing by MoviesController#index as HTML
  Parameters: {"ratings"=>{"G"=>"1", "NC-17"=>"1", "PG"=>"1", "PG-13"=>"1", "R"=>"1"}, "sort"=>"title"}
Redirected to http://localhost:3000/movies?ratings%5BG%5D=1&ratings%5BNC-17%5D=1&ratings%5BPG%5D=1&ratings%5BPG-13%5D=1&ratings%5BR%5D=1&sort=title
Completed 302 Found in 1ms (ActiveRecord: 0.0ms)


Started GET "/movies?ratings%5BG%5D=1&ratings%5BNC-17%5D=1&ratings%5BPG%5D=1&ratings%5BPG-13%5D=1&ratings%5BR%5D=1&sort=title" for 127.0.0.1 at 2013-12-04 08:41:57 -0600
Processing by MoviesController#index as HTML
  Parameters: {"ratings"=>{"G"=>"1", "NC-17"=>"1", "PG"=>"1", "PG-13"=>"1", "R"=>"1"}, "sort"=>"title"}
  [1m[36mMovie Load (0.5ms)[0m  [1mSELECT "movies".* FROM "movies" WHERE "movies"."rating" IN ('G', 'NC-17', 'PG', 'PG-13', 'R') ORDER BY title[0m
  Rendered movies/index.html.haml within layouts/application (8.4ms)
Completed 200 OK in 16ms (Views: 13.8ms | ActiveRecord: 0.5ms)


Started GET "/assets/jquery.js?body=1" for 127.0.0.1 at 2013-12-04 08:41:57 -0600
Served asset /jquery.js - 304 Not Modified (3ms)


Started GET "/assets/application.css?body=1" for 127.0.0.1 at 2013-12-04 08:41:57 -0600
Served asset /application.css - 304 Not Modified (0ms)


Started GET "/assets/jquery_ujs.js?body=1" for 127.0.0.1 at 2013-12-04 08:41:57 -0600
Served asset /jquery_ujs.js - 304 Not Modified (0ms)


Started GET "/assets/application.js?body=1" for 127.0.0.1 at 2013-12-04 08:41:57 -0600
Served asset /application.js - 304 Not Modified (2ms)


Started GET "/movies?ratings%5BG%5D=1&ratings%5BNC-17%5D=1&ratings%5BPG%5D=1&ratings%5BPG-13%5D=1&ratings%5BR%5D=1&sort=release_date" for 127.0.0.1 at 2013-12-04 08:58:44 -0600
Processing by MoviesController#index as HTML
  Parameters: {"ratings"=>{"G"=>"1", "NC-17"=>"1", "PG"=>"1", "PG-13"=>"1", "R"=>"1"}, "sort"=>"release_date"}
Redirected to http://localhost:3000/movies?ratings%5BG%5D=1&ratings%5BNC-17%5D=1&ratings%5BPG%5D=1&ratings%5BPG-13%5D=1&ratings%5BR%5D=1&sort=release_date
Completed 302 Found in 1ms (ActiveRecord: 0.0ms)


Started GET "/movies?ratings%5BG%5D=1&ratings%5BNC-17%5D=1&ratings%5BPG%5D=1&ratings%5BPG-13%5D=1&ratings%5BR%5D=1&sort=release_date" for 127.0.0.1 at 2013-12-04 08:58:44 -0600
Processing by MoviesController#index as HTML
  Parameters: {"ratings"=>{"G"=>"1", "NC-17"=>"1", "PG"=>"1", "PG-13"=>"1", "R"=>"1"}, "sort"=>"release_date"}
  [1m[35mMovie Load (0.6ms)[0m  SELECT "movies".* FROM "movies" WHERE "movies"."rating" IN ('G', 'NC-17', 'PG', 'PG-13', 'R') ORDER BY release_date
  Rendered movies/index.html.haml within layouts/application (8.7ms)
Completed 200 OK in 17ms (Views: 14.1ms | ActiveRecord: 0.6ms)


Started GET "/assets/application.css?body=1" for 127.0.0.1 at 2013-12-04 08:58:44 -0600
Served asset /application.css - 304 Not Modified (0ms)


Started GET "/assets/jquery.js?body=1" for 127.0.0.1 at 2013-12-04 08:58:44 -0600
Served asset /jquery.js - 304 Not Modified (0ms)


Started GET "/assets/application.js?body=1" for 127.0.0.1 at 2013-12-04 08:58:44 -0600
Served asset /application.js - 304 Not Modified (1ms)


Started GET "/assets/jquery_ujs.js?body=1" for 127.0.0.1 at 2013-12-04 08:58:44 -0600
Served asset /jquery_ujs.js - 304 Not Modified (51ms)


Started GET "/movies?utf8=%E2%9C%93&%3Arelease_date_sort=true&ratings%5BG%5D=1&ratings%5BPG%5D=1&ratings%5BPG-13%5D=1&ratings%5BNC-17%5D=1&ratings%5BR%5D=1&commit=Refresh" for 127.0.0.1 at 2013-12-04 09:00:46 -0600
Processing by MoviesController#index as HTML
  Parameters: {"utf8"=>"✓", ":release_date_sort"=>"true", "ratings"=>{"G"=>"1", "PG"=>"1", "PG-13"=>"1", "NC-17"=>"1", "R"=>"1"}, "commit"=>"Refresh"}
Redirected to http://localhost:3000/movies?ratings%5BG%5D=1&ratings%5BNC-17%5D=1&ratings%5BPG%5D=1&ratings%5BPG-13%5D=1&ratings%5BR%5D=1&sort=release_date
Completed 302 Found in 1ms (ActiveRecord: 0.0ms)


Started GET "/movies?ratings%5BG%5D=1&ratings%5BNC-17%5D=1&ratings%5BPG%5D=1&ratings%5BPG-13%5D=1&ratings%5BR%5D=1&sort=release_date" for 127.0.0.1 at 2013-12-04 09:00:46 -0600
Processing by MoviesController#index as HTML
  Parameters: {"ratings"=>{"G"=>"1", "NC-17"=>"1", "PG"=>"1", "PG-13"=>"1", "R"=>"1"}, "sort"=>"release_date"}
  [1m[36mMovie Load (0.4ms)[0m  [1mSELECT "movies".* FROM "movies" WHERE "movies"."rating" IN ('G', 'NC-17', 'PG', 'PG-13', 'R') ORDER BY release_date[0m
  Rendered movies/index.html.haml within layouts/application (11.5ms)
Completed 200 OK in 21ms (Views: 18.4ms | ActiveRecord: 0.4ms)


Started GET "/assets/application.css?body=1" for 127.0.0.1 at 2013-12-04 09:00:46 -0600
Served asset /application.css - 304 Not Modified (0ms)


Started GET "/assets/jquery_ujs.js?body=1" for 127.0.0.1 at 2013-12-04 09:00:46 -0600
Served asset /jquery_ujs.js - 304 Not Modified (0ms)


Started GET "/assets/jquery.js?body=1" for 127.0.0.1 at 2013-12-04 09:00:46 -0600
Served asset /jquery.js - 304 Not Modified (1ms)


Started GET "/assets/application.js?body=1" for 127.0.0.1 at 2013-12-04 09:00:46 -0600
Served asset /application.js - 304 Not Modified (1ms)


Started GET "/movies?utf8=%E2%9C%93&%3Arelease_date_sort=true&ratings%5BG%5D=1&ratings%5BPG%5D=1&ratings%5BPG-13%5D=1&ratings%5BNC-17%5D=1&ratings%5BR%5D=1&commit=Refresh" for 127.0.0.1 at 2013-12-04 09:00:48 -0600
Processing by MoviesController#index as HTML
  Parameters: {"utf8"=>"✓", ":release_date_sort"=>"true", "ratings"=>{"G"=>"1", "PG"=>"1", "PG-13"=>"1", "NC-17"=>"1", "R"=>"1"}, "commit"=>"Refresh"}
Redirected to http://localhost:3000/movies?ratings%5BG%5D=1&ratings%5BNC-17%5D=1&ratings%5BPG%5D=1&ratings%5BPG-13%5D=1&ratings%5BR%5D=1&sort=release_date
Completed 302 Found in 1ms (ActiveRecord: 0.0ms)


Started GET "/movies?ratings%5BG%5D=1&ratings%5BNC-17%5D=1&ratings%5BPG%5D=1&ratings%5BPG-13%5D=1&ratings%5BR%5D=1&sort=release_date" for 127.0.0.1 at 2013-12-04 09:00:48 -0600
Processing by MoviesController#index as HTML
  Parameters: {"ratings"=>{"G"=>"1", "NC-17"=>"1", "PG"=>"1", "PG-13"=>"1", "R"=>"1"}, "sort"=>"release_date"}
  [1m[35mMovie Load (0.5ms)[0m  SELECT "movies".* FROM "movies" WHERE "movies"."rating" IN ('G', 'NC-17', 'PG', 'PG-13', 'R') ORDER BY release_date
  Rendered movies/index.html.haml within layouts/application (8.4ms)
Completed 200 OK in 16ms (Views: 13.6ms | ActiveRecord: 0.5ms)


Started GET "/assets/application.css?body=1" for 127.0.0.1 at 2013-12-04 09:00:48 -0600
Served asset /application.css - 304 Not Modified (0ms)


Started GET "/assets/jquery_ujs.js?body=1" for 127.0.0.1 at 2013-12-04 09:00:48 -0600
Served asset /jquery_ujs.js - 304 Not Modified (0ms)


Started GET "/assets/application.js?body=1" for 127.0.0.1 at 2013-12-04 09:00:48 -0600
Served asset /application.js - 304 Not Modified (1ms)


Started GET "/assets/jquery.js?body=1" for 127.0.0.1 at 2013-12-04 09:00:48 -0600
Served asset /jquery.js - 304 Not Modified (1ms)


Started GET "/movies?utf8=%E2%9C%93&%3Arelease_date_sort=true&ratings%5BG%5D=1&ratings%5BPG%5D=1&ratings%5BPG-13%5D=1&commit=Refresh" for 127.0.0.1 at 2013-12-04 09:00:59 -0600
Processing by MoviesController#index as HTML
  Parameters: {"utf8"=>"✓", ":release_date_sort"=>"true", "ratings"=>{"G"=>"1", "PG"=>"1", "PG-13"=>"1"}, "commit"=>"Refresh"}
Redirected to http://localhost:3000/movies?ratings%5BG%5D=1&ratings%5BPG%5D=1&ratings%5BPG-13%5D=1&sort=release_date
Completed 302 Found in 1ms (ActiveRecord: 0.0ms)


Started GET "/movies?ratings%5BG%5D=1&ratings%5BPG%5D=1&ratings%5BPG-13%5D=1&sort=release_date" for 127.0.0.1 at 2013-12-04 09:00:59 -0600
Processing by MoviesController#index as HTML
  Parameters: {"ratings"=>{"G"=>"1", "PG"=>"1", "PG-13"=>"1"}, "sort"=>"release_date"}
  [1m[36mMovie Load (0.4ms)[0m  [1mSELECT "movies".* FROM "movies" WHERE "movies"."rating" IN ('G', 'PG', 'PG-13') ORDER BY release_date[0m
  Rendered movies/index.html.haml within layouts/application (6.8ms)
Completed 200 OK in 14ms (Views: 12.1ms | ActiveRecord: 0.4ms)


Started GET "/assets/application.css?body=1" for 127.0.0.1 at 2013-12-04 09:00:59 -0600
Served asset /application.css - 304 Not Modified (0ms)


Started GET "/assets/jquery.js?body=1" for 127.0.0.1 at 2013-12-04 09:00:59 -0600
Served asset /jquery.js - 304 Not Modified (4ms)


Started GET "/assets/application.js?body=1" for 127.0.0.1 at 2013-12-04 09:00:59 -0600
Served asset /application.js - 304 Not Modified (1ms)


Started GET "/assets/jquery_ujs.js?body=1" for 127.0.0.1 at 2013-12-04 09:00:59 -0600
Served asset /jquery_ujs.js - 304 Not Modified (0ms)


Started GET "/movies?utf8=%E2%9C%93&%3Arelease_date_sort=true&ratings%5BG%5D=1&ratings%5BPG%5D=1&ratings%5BPG-13%5D=1&ratings%5BNC-17%5D=1&ratings%5BR%5D=1&commit=Refresh" for 127.0.0.1 at 2013-12-04 09:01:01 -0600
Processing by MoviesController#index as HTML
  Parameters: {"utf8"=>"✓", ":release_date_sort"=>"true", "ratings"=>{"G"=>"1", "PG"=>"1", "PG-13"=>"1", "NC-17"=>"1", "R"=>"1"}, "commit"=>"Refresh"}
Redirected to http://localhost:3000/movies?ratings%5BG%5D=1&ratings%5BNC-17%5D=1&ratings%5BPG%5D=1&ratings%5BPG-13%5D=1&ratings%5BR%5D=1&sort=release_date
Completed 302 Found in 1ms (ActiveRecord: 0.0ms)


Started GET "/movies?ratings%5BG%5D=1&ratings%5BNC-17%5D=1&ratings%5BPG%5D=1&ratings%5BPG-13%5D=1&ratings%5BR%5D=1&sort=release_date" for 127.0.0.1 at 2013-12-04 09:01:01 -0600
Processing by MoviesController#index as HTML
  Parameters: {"ratings"=>{"G"=>"1", "NC-17"=>"1", "PG"=>"1", "PG-13"=>"1", "R"=>"1"}, "sort"=>"release_date"}
  [1m[35mMovie Load (0.4ms)[0m  SELECT "movies".* FROM "movies" WHERE "movies"."rating" IN ('G', 'NC-17', 'PG', 'PG-13', 'R') ORDER BY release_date
  Rendered movies/index.html.haml within layouts/application (8.5ms)
Completed 200 OK in 16ms (Views: 13.8ms | ActiveRecord: 0.4ms)


Started GET "/assets/application.css?body=1" for 127.0.0.1 at 2013-12-04 09:01:01 -0600
Served asset /application.css - 304 Not Modified (0ms)


Started GET "/assets/jquery.js?body=1" for 127.0.0.1 at 2013-12-04 09:01:01 -0600
Served asset /jquery.js - 304 Not Modified (0ms)


Started GET "/assets/jquery_ujs.js?body=1" for 127.0.0.1 at 2013-12-04 09:01:01 -0600
Served asset /jquery_ujs.js - 304 Not Modified (0ms)


Started GET "/assets/application.js?body=1" for 127.0.0.1 at 2013-12-04 09:01:01 -0600
Served asset /application.js - 304 Not Modified (2ms)
